2022/02/13 15:14:58 [notice] 1#1: using the "epoll" event method
2022/02/13 15:14:58 [notice] 1#1: nginx/1.21.6
2022/02/13 15:14:58 [notice] 1#1: built by gcc 10.2.1 20210110 (Debian 10.2.1-6) 
2022/02/13 15:14:58 [notice] 1#1: OS: Linux 5.10.76-linuxkit
2022/02/13 15:14:58 [notice] 1#1: getrlimit(RLIMIT_NOFILE): 1048576:1048576
2022/02/13 15:14:58 [notice] 1#1: start worker processes
2022/02/13 15:14:58 [notice] 1#1: start worker process 31
2022/02/13 15:14:58 [notice] 1#1: start worker process 32
2022/02/13 15:14:58 [notice] 1#1: start worker process 33
2022/02/13 15:14:58 [notice] 1#1: start worker process 34
2022/02/13 15:24:21 [notice] 1#1: signal 3 (SIGQUIT) received, shutting down
2022/02/13 15:24:21 [notice] 34#34: gracefully shutting down
2022/02/13 15:24:21 [notice] 34#34: exiting
2022/02/13 15:24:21 [notice] 31#31: gracefully shutting down
2022/02/13 15:24:21 [notice] 31#31: exiting
2022/02/13 15:24:21 [notice] 32#32: gracefully shutting down
2022/02/13 15:24:21 [notice] 33#33: gracefully shutting down
2022/02/13 15:24:21 [notice] 34#34: exit
2022/02/13 15:24:21 [notice] 31#31: exit
2022/02/13 15:24:21 [notice] 32#32: exiting
2022/02/13 15:24:21 [notice] 33#33: exiting
2022/02/13 15:24:21 [notice] 32#32: exit
2022/02/13 15:24:21 [notice] 33#33: exit
2022/02/13 15:24:21 [notice] 1#1: signal 17 (SIGCHLD) received from 34
2022/02/13 15:24:21 [notice] 1#1: worker process 34 exited with code 0
2022/02/13 15:24:21 [notice] 1#1: signal 29 (SIGIO) received
2022/02/13 15:24:21 [notice] 1#1: signal 17 (SIGCHLD) received from 32
2022/02/13 15:24:21 [notice] 1#1: worker process 31 exited with code 0
2022/02/13 15:24:21 [notice] 1#1: worker process 32 exited with code 0
2022/02/13 15:24:21 [notice] 1#1: signal 29 (SIGIO) received
2022/02/13 15:24:21 [notice] 1#1: signal 17 (SIGCHLD) received from 33
2022/02/13 15:24:21 [notice] 1#1: worker process 33 exited with code 0
2022/02/13 15:24:21 [notice] 1#1: exit
2022/02/13 15:24:30 [notice] 1#1: using the "epoll" event method
2022/02/13 15:24:30 [notice] 1#1: nginx/1.21.6
2022/02/13 15:24:30 [notice] 1#1: built by gcc 10.2.1 20210110 (Debian 10.2.1-6) 
2022/02/13 15:24:30 [notice] 1#1: OS: Linux 5.10.76-linuxkit
2022/02/13 15:24:30 [notice] 1#1: getrlimit(RLIMIT_NOFILE): 1048576:1048576
2022/02/13 15:24:30 [notice] 1#1: start worker processes
2022/02/13 15:24:30 [notice] 1#1: start worker process 31
2022/02/13 15:24:30 [notice] 1#1: start worker process 32
2022/02/13 15:24:30 [notice] 1#1: start worker process 33
2022/02/13 15:24:30 [notice] 1#1: start worker process 34
2022/02/13 15:26:35 [notice] 1#1: signal 3 (SIGQUIT) received, shutting down
2022/02/13 15:26:35 [notice] 31#31: gracefully shutting down
2022/02/13 15:26:35 [notice] 34#34: gracefully shutting down
2022/02/13 15:26:35 [notice] 32#32: gracefully shutting down
2022/02/13 15:26:35 [notice] 32#32: exiting
2022/02/13 15:26:35 [notice] 33#33: gracefully shutting down
2022/02/13 15:26:35 [notice] 31#31: exiting
2022/02/13 15:26:35 [notice] 34#34: exiting
2022/02/13 15:26:35 [notice] 32#32: exit
2022/02/13 15:26:35 [notice] 33#33: exiting
2022/02/13 15:26:35 [notice] 34#34: exit
2022/02/13 15:26:35 [notice] 31#31: exit
2022/02/13 15:26:35 [notice] 33#33: exit
2022/02/13 15:26:35 [notice] 1#1: signal 17 (SIGCHLD) received from 32
2022/02/13 15:26:35 [notice] 1#1: worker process 32 exited with code 0
2022/02/13 15:26:35 [notice] 1#1: signal 29 (SIGIO) received
2022/02/13 15:26:35 [notice] 1#1: signal 17 (SIGCHLD) received from 31
2022/02/13 15:26:35 [notice] 1#1: worker process 31 exited with code 0
2022/02/13 15:26:35 [notice] 1#1: signal 29 (SIGIO) received
2022/02/13 15:26:35 [notice] 1#1: signal 17 (SIGCHLD) received from 34
2022/02/13 15:26:35 [notice] 1#1: worker process 33 exited with code 0
2022/02/13 15:26:35 [notice] 1#1: worker process 34 exited with code 0
2022/02/13 15:26:35 [notice] 1#1: exit
2022/02/13 15:26:44 [notice] 1#1: using the "epoll" event method
2022/02/13 15:26:44 [notice] 1#1: nginx/1.21.6
2022/02/13 15:26:44 [notice] 1#1: built by gcc 10.2.1 20210110 (Debian 10.2.1-6) 
2022/02/13 15:26:44 [notice] 1#1: OS: Linux 5.10.76-linuxkit
2022/02/13 15:26:44 [notice] 1#1: getrlimit(RLIMIT_NOFILE): 1048576:1048576
2022/02/13 15:26:44 [notice] 1#1: start worker processes
2022/02/13 15:26:44 [notice] 1#1: start worker process 30
2022/02/13 15:26:44 [notice] 1#1: start worker process 31
2022/02/13 15:26:44 [notice] 1#1: start worker process 32
2022/02/13 15:26:44 [notice] 1#1: start worker process 33
2022/02/13 15:29:42 [notice] 1#1: signal 3 (SIGQUIT) received, shutting down
2022/02/13 15:29:42 [notice] 30#30: gracefully shutting down
2022/02/13 15:29:42 [notice] 32#32: gracefully shutting down
2022/02/13 15:29:42 [notice] 31#31: gracefully shutting down
2022/02/13 15:29:42 [notice] 33#33: gracefully shutting down
2022/02/13 15:29:42 [notice] 30#30: exiting
2022/02/13 15:29:42 [notice] 32#32: exiting
2022/02/13 15:29:42 [notice] 31#31: exiting
2022/02/13 15:29:42 [notice] 31#31: exit
2022/02/13 15:29:42 [notice] 33#33: exiting
2022/02/13 15:29:42 [notice] 30#30: exit
2022/02/13 15:29:42 [notice] 32#32: exit
2022/02/13 15:29:42 [notice] 33#33: exit
2022/02/13 15:29:42 [notice] 1#1: signal 17 (SIGCHLD) received from 31
2022/02/13 15:29:42 [notice] 1#1: worker process 31 exited with code 0
2022/02/13 15:29:42 [notice] 1#1: signal 29 (SIGIO) received
2022/02/13 15:29:42 [notice] 1#1: signal 17 (SIGCHLD) received from 32
2022/02/13 15:29:42 [notice] 1#1: worker process 32 exited with code 0
2022/02/13 15:29:42 [notice] 1#1: signal 29 (SIGIO) received
2022/02/13 15:29:42 [notice] 1#1: signal 17 (SIGCHLD) received from 33
2022/02/13 15:29:42 [notice] 1#1: worker process 33 exited with code 0
2022/02/13 15:29:42 [notice] 1#1: signal 29 (SIGIO) received
2022/02/13 15:29:42 [notice] 1#1: signal 17 (SIGCHLD) received from 30
2022/02/13 15:29:42 [notice] 1#1: worker process 30 exited with code 0
2022/02/13 15:29:42 [notice] 1#1: exit
2022/02/13 15:29:47 [notice] 1#1: using the "epoll" event method
2022/02/13 15:29:47 [notice] 1#1: nginx/1.21.6
2022/02/13 15:29:47 [notice] 1#1: built by gcc 10.2.1 20210110 (Debian 10.2.1-6) 
2022/02/13 15:29:47 [notice] 1#1: OS: Linux 5.10.76-linuxkit
2022/02/13 15:29:47 [notice] 1#1: getrlimit(RLIMIT_NOFILE): 1048576:1048576
2022/02/13 15:29:47 [notice] 1#1: start worker processes
2022/02/13 15:29:47 [notice] 1#1: start worker process 30
2022/02/13 15:29:47 [notice] 1#1: start worker process 31
2022/02/13 15:29:47 [notice] 1#1: start worker process 32
2022/02/13 15:29:47 [notice] 1#1: start worker process 33
2022/02/13 16:41:47 [notice] 1#1: signal 3 (SIGQUIT) received, shutting down
2022/02/13 16:41:47 [notice] 30#30: gracefully shutting down
2022/02/13 16:41:47 [notice] 30#30: exiting
2022/02/13 16:41:47 [notice] 32#32: gracefully shutting down
2022/02/13 16:41:47 [notice] 31#31: gracefully shutting down
2022/02/13 16:41:47 [notice] 33#33: gracefully shutting down
2022/02/13 16:41:47 [notice] 30#30: exit
2022/02/13 16:41:47 [notice] 32#32: exiting
2022/02/13 16:41:47 [notice] 31#31: exiting
2022/02/13 16:41:47 [notice] 33#33: exiting
2022/02/13 16:41:47 [notice] 32#32: exit
2022/02/13 16:41:47 [notice] 31#31: exit
2022/02/13 16:41:47 [notice] 33#33: exit
2022/02/13 16:41:47 [notice] 1#1: signal 17 (SIGCHLD) received from 30
2022/02/13 16:41:47 [notice] 1#1: worker process 30 exited with code 0
2022/02/13 16:41:47 [notice] 1#1: worker process 32 exited with code 0
2022/02/13 16:41:47 [notice] 1#1: signal 29 (SIGIO) received
2022/02/13 16:41:47 [notice] 1#1: signal 17 (SIGCHLD) received from 33
2022/02/13 16:41:47 [notice] 1#1: worker process 33 exited with code 0
2022/02/13 16:41:47 [notice] 1#1: signal 29 (SIGIO) received
2022/02/13 16:41:47 [notice] 1#1: signal 17 (SIGCHLD) received from 31
2022/02/13 16:41:47 [notice] 1#1: worker process 31 exited with code 0
2022/02/13 16:41:47 [notice] 1#1: exit
2022/02/13 16:41:51 [notice] 1#1: using the "epoll" event method
2022/02/13 16:41:51 [notice] 1#1: nginx/1.21.6
2022/02/13 16:41:51 [notice] 1#1: built by gcc 10.2.1 20210110 (Debian 10.2.1-6) 
2022/02/13 16:41:51 [notice] 1#1: OS: Linux 5.10.76-linuxkit
2022/02/13 16:41:51 [notice] 1#1: getrlimit(RLIMIT_NOFILE): 1048576:1048576
2022/02/13 16:41:51 [notice] 1#1: start worker processes
2022/02/13 16:41:51 [notice] 1#1: start worker process 32
2022/02/13 16:41:51 [notice] 1#1: start worker process 33
2022/02/13 16:41:51 [notice] 1#1: start worker process 34
2022/02/13 16:41:51 [notice] 1#1: start worker process 35
2022/02/13 16:42:12 [notice] 1#1: signal 3 (SIGQUIT) received, shutting down
2022/02/13 16:42:12 [notice] 34#34: gracefully shutting down
2022/02/13 16:42:12 [notice] 35#35: gracefully shutting down
2022/02/13 16:42:12 [notice] 32#32: gracefully shutting down
2022/02/13 16:42:12 [notice] 33#33: gracefully shutting down
2022/02/13 16:42:12 [notice] 34#34: exiting
2022/02/13 16:42:12 [notice] 34#34: exit
2022/02/13 16:42:12 [notice] 35#35: exiting
2022/02/13 16:42:12 [notice] 33#33: exiting
2022/02/13 16:42:12 [notice] 35#35: exit
2022/02/13 16:42:12 [notice] 33#33: exit
2022/02/13 16:42:12 [notice] 1#1: signal 17 (SIGCHLD) received from 34
2022/02/13 16:42:12 [notice] 1#1: worker process 34 exited with code 0
2022/02/13 16:42:12 [notice] 1#1: signal 29 (SIGIO) received
2022/02/13 16:42:12 [notice] 1#1: signal 17 (SIGCHLD) received from 35
2022/02/13 16:42:12 [notice] 1#1: worker process 35 exited with code 0
2022/02/13 16:42:12 [notice] 1#1: signal 29 (SIGIO) received
2022/02/13 16:42:12 [notice] 1#1: signal 17 (SIGCHLD) received from 33
2022/02/13 16:42:12 [notice] 1#1: worker process 33 exited with code 0
2022/02/13 16:42:12 [notice] 1#1: signal 29 (SIGIO) received
2022/02/13 16:42:50 [notice] 1#1: using the "epoll" event method
2022/02/13 16:42:50 [notice] 1#1: nginx/1.21.6
2022/02/13 16:42:50 [notice] 1#1: built by gcc 10.2.1 20210110 (Debian 10.2.1-6) 
2022/02/13 16:42:50 [notice] 1#1: OS: Linux 5.10.76-linuxkit
2022/02/13 16:42:50 [notice] 1#1: getrlimit(RLIMIT_NOFILE): 1048576:1048576
2022/02/13 16:42:50 [notice] 1#1: start worker processes
2022/02/13 16:42:50 [notice] 1#1: start worker process 31
2022/02/13 16:42:50 [notice] 1#1: start worker process 32
2022/02/13 16:42:50 [notice] 1#1: start worker process 33
2022/02/13 16:42:50 [notice] 1#1: start worker process 34
2022/02/13 16:46:13 [notice] 1#1: signal 3 (SIGQUIT) received, shutting down
2022/02/13 16:46:13 [notice] 32#32: gracefully shutting down
2022/02/13 16:46:13 [notice] 31#31: gracefully shutting down
2022/02/13 16:46:13 [notice] 34#34: gracefully shutting down
2022/02/13 16:46:13 [notice] 33#33: gracefully shutting down
2022/02/13 16:46:13 [notice] 32#32: exiting
2022/02/13 16:46:13 [notice] 32#32: exit
2022/02/13 16:46:13 [notice] 31#31: exiting
2022/02/13 16:46:13 [notice] 31#31: exit
2022/02/13 16:46:13 [notice] 33#33: exiting
2022/02/13 16:46:13 [notice] 33#33: exit
2022/02/13 16:46:13 [notice] 1#1: signal 17 (SIGCHLD) received from 31
2022/02/13 16:46:13 [notice] 1#1: worker process 31 exited with code 0
2022/02/13 16:46:13 [notice] 1#1: signal 29 (SIGIO) received
2022/02/13 16:46:13 [notice] 1#1: signal 17 (SIGCHLD) received from 33
2022/02/13 16:46:13 [notice] 1#1: worker process 32 exited with code 0
2022/02/13 16:46:13 [notice] 1#1: worker process 33 exited with code 0
2022/02/13 16:46:13 [notice] 1#1: signal 29 (SIGIO) received
2022/02/13 16:46:14 [notice] 1#1: signal 3 (SIGQUIT) received, shutting down
2022/02/13 16:46:15 [notice] 1#1: signal 3 (SIGQUIT) received, shutting down
2022/02/13 16:46:16 [notice] 1#1: signal 3 (SIGQUIT) received, shutting down
2022/02/13 16:46:18 [notice] 1#1: signal 3 (SIGQUIT) received, shutting down
2022/02/13 16:46:19 [notice] 1#1: signal 3 (SIGQUIT) received, shutting down
2022/02/13 16:46:19 [notice] 1#1: signal 3 (SIGQUIT) received, shutting down
2022/02/13 16:46:20 [notice] 1#1: signal 3 (SIGQUIT) received, shutting down
2022/02/13 16:46:20 [notice] 1#1: signal 3 (SIGQUIT) received, shutting down
2022/02/13 16:46:20 [notice] 1#1: signal 3 (SIGQUIT) received, shutting down
2022/02/13 16:46:21 [notice] 1#1: signal 3 (SIGQUIT) received, shutting down
2022/02/13 16:46:21 [notice] 1#1: signal 3 (SIGQUIT) received, shutting down
2022/02/13 16:46:24 [emerg] 1#1: host not found in upstream "php" in /etc/nginx/conf.d/default.conf:11
2022/02/13 16:46:54 [notice] 1#1: using the "epoll" event method
2022/02/13 16:46:54 [notice] 1#1: nginx/1.21.6
2022/02/13 16:46:54 [notice] 1#1: built by gcc 10.2.1 20210110 (Debian 10.2.1-6) 
2022/02/13 16:46:54 [notice] 1#1: OS: Linux 5.10.76-linuxkit
2022/02/13 16:46:54 [notice] 1#1: getrlimit(RLIMIT_NOFILE): 1048576:1048576
2022/02/13 16:46:54 [notice] 1#1: start worker processes
2022/02/13 16:46:54 [notice] 1#1: start worker process 32
2022/02/13 16:46:54 [notice] 1#1: start worker process 33
2022/02/13 16:46:54 [notice] 1#1: start worker process 34
2022/02/13 16:46:54 [notice] 1#1: start worker process 35
2022/02/13 16:47:17 [notice] 1#1: signal 3 (SIGQUIT) received, shutting down
2022/02/13 16:47:17 [notice] 33#33: gracefully shutting down
2022/02/13 16:47:17 [notice] 32#32: gracefully shutting down
2022/02/13 16:47:17 [notice] 34#34: gracefully shutting down
2022/02/13 16:47:17 [notice] 35#35: gracefully shutting down
2022/02/13 16:47:17 [notice] 33#33: exiting
2022/02/13 16:47:17 [notice] 33#33: exit
2022/02/13 16:47:17 [notice] 34#34: exiting
2022/02/13 16:47:17 [notice] 34#34: exit
2022/02/13 16:47:17 [notice] 35#35: exiting
2022/02/13 16:47:17 [notice] 35#35: exit
2022/02/13 16:47:17 [notice] 1#1: signal 17 (SIGCHLD) received from 33
2022/02/13 16:47:17 [notice] 1#1: worker process 33 exited with code 0
2022/02/13 16:47:17 [notice] 1#1: signal 29 (SIGIO) received
2022/02/13 16:47:17 [notice] 1#1: signal 17 (SIGCHLD) received from 34
2022/02/13 16:47:17 [notice] 1#1: worker process 34 exited with code 0
2022/02/13 16:47:17 [notice] 1#1: signal 29 (SIGIO) received
2022/02/13 16:47:17 [notice] 1#1: signal 17 (SIGCHLD) received from 35
2022/02/13 16:47:17 [notice] 1#1: worker process 35 exited with code 0
2022/02/13 16:47:17 [notice] 1#1: signal 29 (SIGIO) received
2022/02/13 16:47:22 [notice] 1#1: signal 3 (SIGQUIT) received, shutting down
2022/02/13 16:47:43 [notice] 1#1: using the "epoll" event method
2022/02/13 16:47:43 [notice] 1#1: nginx/1.21.6
2022/02/13 16:47:43 [notice] 1#1: built by gcc 10.2.1 20210110 (Debian 10.2.1-6) 
2022/02/13 16:47:43 [notice] 1#1: OS: Linux 5.10.76-linuxkit
2022/02/13 16:47:43 [notice] 1#1: getrlimit(RLIMIT_NOFILE): 1048576:1048576
2022/02/13 16:47:43 [notice] 1#1: start worker processes
2022/02/13 16:47:43 [notice] 1#1: start worker process 31
2022/02/13 16:47:43 [notice] 1#1: start worker process 32
2022/02/13 16:47:43 [notice] 1#1: start worker process 33
2022/02/13 16:47:43 [notice] 1#1: start worker process 34
2022/02/13 16:51:07 [notice] 1#1: signal 3 (SIGQUIT) received, shutting down
2022/02/13 16:51:07 [notice] 31#31: gracefully shutting down
2022/02/13 16:51:07 [notice] 34#34: gracefully shutting down
2022/02/13 16:51:07 [notice] 32#32: gracefully shutting down
2022/02/13 16:51:07 [notice] 33#33: gracefully shutting down
2022/02/13 16:51:07 [notice] 33#33: exiting
2022/02/13 16:51:07 [notice] 31#31: exiting
2022/02/13 16:51:07 [notice] 34#34: exiting
2022/02/13 16:51:07 [notice] 32#32: exiting
2022/02/13 16:51:07 [notice] 33#33: exit
2022/02/13 16:51:07 [notice] 31#31: exit
2022/02/13 16:51:07 [notice] 34#34: exit
2022/02/13 16:51:07 [notice] 32#32: exit
2022/02/13 16:51:07 [notice] 1#1: signal 17 (SIGCHLD) received from 33
2022/02/13 16:51:07 [notice] 1#1: worker process 31 exited with code 0
2022/02/13 16:51:07 [notice] 1#1: worker process 33 exited with code 0
2022/02/13 16:51:07 [notice] 1#1: signal 29 (SIGIO) received
2022/02/13 16:51:07 [notice] 1#1: signal 17 (SIGCHLD) received from 34
2022/02/13 16:51:07 [notice] 1#1: worker process 32 exited with code 0
2022/02/13 16:51:07 [notice] 1#1: worker process 34 exited with code 0
2022/02/13 16:51:07 [notice] 1#1: exit
2022/02/13 16:51:14 [notice] 1#1: using the "epoll" event method
2022/02/13 16:51:14 [notice] 1#1: nginx/1.21.6
2022/02/13 16:51:14 [notice] 1#1: built by gcc 10.2.1 20210110 (Debian 10.2.1-6) 
2022/02/13 16:51:14 [notice] 1#1: OS: Linux 5.10.76-linuxkit
2022/02/13 16:51:14 [notice] 1#1: getrlimit(RLIMIT_NOFILE): 1048576:1048576
2022/02/13 16:51:14 [notice] 1#1: start worker processes
2022/02/13 16:51:14 [notice] 1#1: start worker process 31
2022/02/13 16:51:14 [notice] 1#1: start worker process 32
2022/02/13 16:51:14 [notice] 1#1: start worker process 33
2022/02/13 16:51:14 [notice] 1#1: start worker process 34
2022/02/13 16:51:47 [notice] 1#1: signal 3 (SIGQUIT) received, shutting down
2022/02/13 16:51:47 [notice] 31#31: gracefully shutting down
2022/02/13 16:51:47 [notice] 33#33: gracefully shutting down
2022/02/13 16:51:47 [notice] 33#33: exiting
2022/02/13 16:51:47 [notice] 34#34: gracefully shutting down
2022/02/13 16:51:47 [notice] 32#32: gracefully shutting down
2022/02/13 16:51:47 [notice] 32#32: exiting
2022/02/13 16:51:47 [notice] 33#33: exit
2022/02/13 16:51:47 [notice] 34#34: exiting
2022/02/13 16:51:47 [notice] 32#32: exit
2022/02/13 16:51:47 [notice] 34#34: exit
2022/02/13 16:51:47 [notice] 1#1: signal 17 (SIGCHLD) received from 33
2022/02/13 16:51:47 [notice] 1#1: worker process 33 exited with code 0
2022/02/13 16:51:47 [notice] 1#1: signal 29 (SIGIO) received
2022/02/13 16:51:47 [notice] 1#1: signal 17 (SIGCHLD) received from 32
2022/02/13 16:51:47 [notice] 1#1: worker process 32 exited with code 0
2022/02/13 16:51:47 [notice] 1#1: worker process 34 exited with code 0
2022/02/13 16:51:47 [notice] 1#1: signal 29 (SIGIO) received
2022/02/13 16:51:52 [notice] 1#1: signal 3 (SIGQUIT) received, shutting down
2022/02/13 16:51:56 [notice] 1#1: signal 3 (SIGQUIT) received, shutting down
2022/02/13 16:51:57 [notice] 1#1: signal 3 (SIGQUIT) received, shutting down
2022/02/13 16:57:45 [notice] 1#1: using the "epoll" event method
2022/02/13 16:57:45 [notice] 1#1: nginx/1.21.6
2022/02/13 16:57:45 [notice] 1#1: built by gcc 10.2.1 20210110 (Debian 10.2.1-6) 
2022/02/13 16:57:45 [notice] 1#1: OS: Linux 5.10.76-linuxkit
2022/02/13 16:57:45 [notice] 1#1: getrlimit(RLIMIT_NOFILE): 1048576:1048576
2022/02/13 16:57:45 [notice] 1#1: start worker processes
2022/02/13 16:57:45 [notice] 1#1: start worker process 31
2022/02/13 16:57:45 [notice] 1#1: start worker process 32
2022/02/13 16:57:45 [notice] 1#1: start worker process 33
2022/02/13 16:57:45 [notice] 1#1: start worker process 34
2022/02/13 16:59:50 [notice] 1#1: signal 3 (SIGQUIT) received, shutting down
2022/02/13 16:59:50 [notice] 33#33: gracefully shutting down
2022/02/13 16:59:50 [notice] 33#33: exiting
2022/02/13 16:59:50 [notice] 31#31: gracefully shutting down
2022/02/13 16:59:50 [notice] 32#32: gracefully shutting down
2022/02/13 16:59:50 [notice] 34#34: gracefully shutting down
2022/02/13 16:59:50 [notice] 33#33: exit
2022/02/13 16:59:50 [notice] 31#31: exiting
2022/02/13 16:59:50 [notice] 31#31: exit
2022/02/13 16:59:50 [notice] 32#32: exiting
2022/02/13 16:59:50 [notice] 32#32: exit
2022/02/13 16:59:50 [notice] 34#34: exiting
2022/02/13 16:59:50 [notice] 34#34: exit
2022/02/13 16:59:50 [notice] 1#1: signal 17 (SIGCHLD) received from 33
2022/02/13 16:59:50 [notice] 1#1: worker process 33 exited with code 0
2022/02/13 16:59:50 [notice] 1#1: signal 29 (SIGIO) received
2022/02/13 16:59:50 [notice] 1#1: signal 17 (SIGCHLD) received from 31
2022/02/13 16:59:50 [notice] 1#1: worker process 31 exited with code 0
2022/02/13 16:59:50 [notice] 1#1: signal 29 (SIGIO) received
2022/02/13 16:59:50 [notice] 1#1: signal 17 (SIGCHLD) received from 34
2022/02/13 16:59:50 [notice] 1#1: worker process 34 exited with code 0
2022/02/13 16:59:50 [notice] 1#1: signal 29 (SIGIO) received
2022/02/13 16:59:50 [notice] 1#1: signal 17 (SIGCHLD) received from 32
2022/02/13 16:59:50 [notice] 1#1: worker process 32 exited with code 0
2022/02/13 16:59:50 [notice] 1#1: exit
2022/02/13 16:59:57 [notice] 1#1: using the "epoll" event method
2022/02/13 16:59:57 [notice] 1#1: nginx/1.21.6
2022/02/13 16:59:57 [notice] 1#1: built by gcc 10.2.1 20210110 (Debian 10.2.1-6) 
2022/02/13 16:59:57 [notice] 1#1: OS: Linux 5.10.76-linuxkit
2022/02/13 16:59:57 [notice] 1#1: getrlimit(RLIMIT_NOFILE): 1048576:1048576
2022/02/13 16:59:57 [notice] 1#1: start worker processes
2022/02/13 16:59:57 [notice] 1#1: start worker process 31
2022/02/13 16:59:57 [notice] 1#1: start worker process 32
2022/02/13 16:59:57 [notice] 1#1: start worker process 33
2022/02/13 16:59:57 [notice] 1#1: start worker process 34
2022/02/13 17:09:12 [notice] 1#1: signal 3 (SIGQUIT) received, shutting down
2022/02/13 17:09:12 [notice] 33#33: gracefully shutting down
2022/02/13 17:09:12 [notice] 31#31: gracefully shutting down
2022/02/13 17:09:12 [notice] 34#34: gracefully shutting down
2022/02/13 17:09:12 [notice] 34#34: exiting
2022/02/13 17:09:12 [notice] 32#32: gracefully shutting down
2022/02/13 17:09:12 [notice] 33#33: exiting
2022/02/13 17:09:12 [notice] 31#31: exiting
2022/02/13 17:09:12 [notice] 34#34: exit
2022/02/13 17:09:12 [notice] 32#32: exiting
2022/02/13 17:09:12 [notice] 33#33: exit
2022/02/13 17:09:12 [notice] 31#31: exit
2022/02/13 17:09:12 [notice] 32#32: exit
2022/02/13 17:09:12 [notice] 1#1: signal 17 (SIGCHLD) received from 34
2022/02/13 17:09:12 [notice] 1#1: worker process 33 exited with code 0
2022/02/13 17:09:12 [notice] 1#1: worker process 32 exited with code 0
2022/02/13 17:09:12 [notice] 1#1: worker process 34 exited with code 0
2022/02/13 17:09:12 [notice] 1#1: signal 29 (SIGIO) received
2022/02/13 17:09:12 [notice] 1#1: signal 17 (SIGCHLD) received from 33
2022/02/13 17:09:12 [notice] 1#1: signal 17 (SIGCHLD) received from 31
2022/02/13 17:09:12 [notice] 1#1: worker process 31 exited with code 0
2022/02/13 17:09:12 [notice] 1#1: exit
2022/02/13 17:09:16 [notice] 1#1: using the "epoll" event method
2022/02/13 17:09:16 [notice] 1#1: nginx/1.21.6
2022/02/13 17:09:16 [notice] 1#1: built by gcc 10.2.1 20210110 (Debian 10.2.1-6) 
2022/02/13 17:09:16 [notice] 1#1: OS: Linux 5.10.76-linuxkit
2022/02/13 17:09:16 [notice] 1#1: getrlimit(RLIMIT_NOFILE): 1048576:1048576
2022/02/13 17:09:16 [notice] 1#1: start worker processes
2022/02/13 17:09:16 [notice] 1#1: start worker process 31
2022/02/13 17:09:16 [notice] 1#1: start worker process 32
2022/02/13 17:09:16 [notice] 1#1: start worker process 33
2022/02/13 17:09:16 [notice] 1#1: start worker process 34
2022/02/13 17:19:57 [notice] 1#1: signal 3 (SIGQUIT) received, shutting down
2022/02/13 17:19:57 [notice] 32#32: gracefully shutting down
2022/02/13 17:19:57 [notice] 34#34: gracefully shutting down
2022/02/13 17:19:57 [notice] 32#32: exiting
2022/02/13 17:19:57 [notice] 33#33: gracefully shutting down
2022/02/13 17:19:57 [notice] 31#31: gracefully shutting down
2022/02/13 17:19:57 [notice] 34#34: exiting
2022/02/13 17:19:57 [notice] 32#32: exit
2022/02/13 17:19:57 [notice] 33#33: exiting
2022/02/13 17:19:57 [notice] 33#33: exit
2022/02/13 17:19:57 [notice] 31#31: exiting
2022/02/13 17:19:57 [notice] 31#31: exit
2022/02/13 17:19:57 [notice] 34#34: exit
2022/02/13 17:19:57 [notice] 1#1: signal 17 (SIGCHLD) received from 33
2022/02/13 17:19:57 [notice] 1#1: worker process 33 exited with code 0
2022/02/13 17:19:57 [notice] 1#1: signal 29 (SIGIO) received
2022/02/13 17:19:57 [notice] 1#1: signal 17 (SIGCHLD) received from 32
2022/02/13 17:19:57 [notice] 1#1: worker process 32 exited with code 0
2022/02/13 17:19:57 [notice] 1#1: worker process 34 exited with code 0
2022/02/13 17:19:57 [notice] 1#1: signal 29 (SIGIO) received
2022/02/13 17:19:57 [notice] 1#1: signal 17 (SIGCHLD) received from 34
2022/02/13 17:19:57 [notice] 1#1: signal 17 (SIGCHLD) received from 31
2022/02/13 17:19:57 [notice] 1#1: worker process 31 exited with code 0
2022/02/13 17:19:57 [notice] 1#1: exit
2022/02/13 17:20:00 [notice] 1#1: using the "epoll" event method
2022/02/13 17:20:00 [notice] 1#1: nginx/1.21.6
2022/02/13 17:20:00 [notice] 1#1: built by gcc 10.2.1 20210110 (Debian 10.2.1-6) 
2022/02/13 17:20:00 [notice] 1#1: OS: Linux 5.10.76-linuxkit
2022/02/13 17:20:00 [notice] 1#1: getrlimit(RLIMIT_NOFILE): 1048576:1048576
2022/02/13 17:20:00 [notice] 1#1: start worker processes
2022/02/13 17:20:00 [notice] 1#1: start worker process 31
2022/02/13 17:20:00 [notice] 1#1: start worker process 32
2022/02/13 17:20:00 [notice] 1#1: start worker process 33
2022/02/13 17:20:00 [notice] 1#1: start worker process 34
2022/02/13 17:27:48 [notice] 1#1: signal 3 (SIGQUIT) received, shutting down
2022/02/13 17:27:48 [notice] 31#31: gracefully shutting down
2022/02/13 17:27:48 [notice] 32#32: gracefully shutting down
2022/02/13 17:27:48 [notice] 33#33: gracefully shutting down
2022/02/13 17:27:48 [notice] 34#34: gracefully shutting down
2022/02/13 17:27:48 [notice] 34#34: exiting
2022/02/13 17:27:48 [notice] 32#32: exiting
2022/02/13 17:27:48 [notice] 31#31: exiting
2022/02/13 17:27:48 [notice] 33#33: exiting
2022/02/13 17:27:48 [notice] 34#34: exit
2022/02/13 17:27:48 [notice] 32#32: exit
2022/02/13 17:27:48 [notice] 31#31: exit
2022/02/13 17:27:48 [notice] 33#33: exit
2022/02/13 17:27:48 [notice] 1#1: signal 17 (SIGCHLD) received from 33
2022/02/13 17:27:48 [notice] 1#1: worker process 33 exited with code 0
2022/02/13 17:27:48 [notice] 1#1: signal 29 (SIGIO) received
2022/02/13 17:27:48 [notice] 1#1: signal 17 (SIGCHLD) received from 32
2022/02/13 17:27:48 [notice] 1#1: worker process 31 exited with code 0
2022/02/13 17:27:48 [notice] 1#1: worker process 32 exited with code 0
2022/02/13 17:27:48 [notice] 1#1: worker process 34 exited with code 0
2022/02/13 17:27:48 [notice] 1#1: exit
2022/02/13 17:27:50 [notice] 1#1: using the "epoll" event method
2022/02/13 17:27:50 [notice] 1#1: nginx/1.21.6
2022/02/13 17:27:50 [notice] 1#1: built by gcc 10.2.1 20210110 (Debian 10.2.1-6) 
2022/02/13 17:27:50 [notice] 1#1: OS: Linux 5.10.76-linuxkit
2022/02/13 17:27:50 [notice] 1#1: getrlimit(RLIMIT_NOFILE): 1048576:1048576
2022/02/13 17:27:50 [notice] 1#1: start worker processes
2022/02/13 17:27:50 [notice] 1#1: start worker process 31
2022/02/13 17:27:50 [notice] 1#1: start worker process 32
2022/02/13 17:27:50 [notice] 1#1: start worker process 33
2022/02/13 17:27:50 [notice] 1#1: start worker process 34
2022/02/14 07:00:29 [notice] 1#1: signal 3 (SIGQUIT) received, shutting down
2022/02/14 07:00:29 [notice] 32#32: gracefully shutting down
2022/02/14 07:00:29 [notice] 32#32: exiting
2022/02/14 07:00:29 [notice] 33#33: gracefully shutting down
2022/02/14 07:00:29 [notice] 33#33: exiting
2022/02/14 07:00:29 [notice] 34#34: gracefully shutting down
2022/02/14 07:00:29 [notice] 31#31: gracefully shutting down
2022/02/14 07:00:29 [notice] 31#31: exiting
2022/02/14 07:00:29 [notice] 32#32: exit
2022/02/14 07:00:29 [notice] 33#33: exit
2022/02/14 07:00:29 [notice] 34#34: exiting
2022/02/14 07:00:29 [notice] 31#31: exit
2022/02/14 07:00:29 [notice] 34#34: exit
2022/02/14 07:00:29 [notice] 1#1: signal 17 (SIGCHLD) received from 33
2022/02/14 07:00:29 [notice] 1#1: worker process 33 exited with code 0
2022/02/14 07:00:29 [notice] 1#1: signal 29 (SIGIO) received
2022/02/14 07:00:29 [notice] 1#1: signal 17 (SIGCHLD) received from 32
2022/02/14 07:00:29 [notice] 1#1: worker process 32 exited with code 0
2022/02/14 07:00:29 [notice] 1#1: worker process 34 exited with code 0
2022/02/14 07:00:29 [notice] 1#1: signal 29 (SIGIO) received
2022/02/14 07:00:29 [notice] 1#1: signal 17 (SIGCHLD) received from 34
2022/02/14 07:00:29 [notice] 1#1: signal 17 (SIGCHLD) received from 31
2022/02/14 07:00:29 [notice] 1#1: worker process 31 exited with code 0
2022/02/14 07:00:29 [notice] 1#1: exit
2022/02/14 16:21:23 [notice] 1#1: using the "epoll" event method
2022/02/14 16:21:23 [notice] 1#1: nginx/1.21.6
2022/02/14 16:21:23 [notice] 1#1: built by gcc 10.2.1 20210110 (Debian 10.2.1-6) 
2022/02/14 16:21:23 [notice] 1#1: OS: Linux 5.10.16.3-microsoft-standard-WSL2
2022/02/14 16:21:23 [notice] 1#1: getrlimit(RLIMIT_NOFILE): 1048576:1048576
2022/02/14 16:21:23 [notice] 1#1: start worker processes
2022/02/14 16:21:23 [notice] 1#1: start worker process 30
2022/02/14 16:21:23 [notice] 1#1: start worker process 31
2022/02/14 16:21:23 [notice] 1#1: start worker process 32
2022/02/14 16:21:23 [notice] 1#1: start worker process 33
2022/02/14 16:21:23 [notice] 1#1: start worker process 34
2022/02/14 16:21:23 [notice] 1#1: start worker process 35
2022/02/14 16:51:34 [notice] 1#1: signal 3 (SIGQUIT) received, shutting down
2022/02/14 16:51:34 [notice] 31#31: gracefully shutting down
2022/02/14 16:51:34 [notice] 30#30: gracefully shutting down
2022/02/14 16:51:34 [notice] 34#34: gracefully shutting down
2022/02/14 16:51:34 [notice] 32#32: gracefully shutting down
2022/02/14 16:51:34 [notice] 35#35: gracefully shutting down
2022/02/14 16:51:34 [notice] 33#33: gracefully shutting down
2022/02/14 16:51:34 [notice] 31#31: exiting
2022/02/14 16:51:34 [notice] 30#30: exiting
2022/02/14 16:51:34 [notice] 34#34: exiting
2022/02/14 16:51:34 [notice] 32#32: exiting
2022/02/14 16:51:34 [notice] 35#35: exiting
2022/02/14 16:51:34 [notice] 33#33: exiting
2022/02/14 16:51:34 [notice] 31#31: exit
2022/02/14 16:51:34 [notice] 30#30: exit
2022/02/14 16:51:34 [notice] 34#34: exit
2022/02/14 16:51:34 [notice] 32#32: exit
2022/02/14 16:51:34 [notice] 35#35: exit
2022/02/14 16:51:34 [notice] 33#33: exit
2022/02/14 16:51:34 [notice] 1#1: signal 17 (SIGCHLD) received from 32
2022/02/14 16:51:34 [notice] 1#1: worker process 32 exited with code 0
2022/02/14 16:51:34 [notice] 1#1: worker process 33 exited with code 0
2022/02/14 16:51:34 [notice] 1#1: signal 29 (SIGIO) received
2022/02/14 16:51:34 [notice] 1#1: signal 17 (SIGCHLD) received from 33
2022/02/14 16:51:34 [notice] 1#1: signal 17 (SIGCHLD) received from 31
2022/02/14 16:51:34 [notice] 1#1: worker process 31 exited with code 0
2022/02/14 16:51:34 [notice] 1#1: signal 29 (SIGIO) received
2022/02/14 16:51:34 [notice] 1#1: signal 17 (SIGCHLD) received from 30
2022/02/14 16:51:34 [notice] 1#1: worker process 30 exited with code 0
2022/02/14 16:51:34 [notice] 1#1: signal 29 (SIGIO) received
2022/02/14 16:51:34 [notice] 1#1: signal 17 (SIGCHLD) received from 35
2022/02/14 16:51:34 [notice] 1#1: worker process 35 exited with code 0
2022/02/14 16:51:34 [notice] 1#1: signal 29 (SIGIO) received
2022/02/14 16:51:34 [notice] 1#1: signal 17 (SIGCHLD) received from 34
2022/02/14 16:51:34 [notice] 1#1: worker process 34 exited with code 0
2022/02/14 16:51:34 [notice] 1#1: exit
2022/02/14 16:52:20 [notice] 1#1: using the "epoll" event method
2022/02/14 16:52:20 [notice] 1#1: nginx/1.21.6
2022/02/14 16:52:20 [notice] 1#1: built by gcc 10.2.1 20210110 (Debian 10.2.1-6) 
2022/02/14 16:52:20 [notice] 1#1: OS: Linux 5.10.16.3-microsoft-standard-WSL2
2022/02/14 16:52:20 [notice] 1#1: getrlimit(RLIMIT_NOFILE): 1048576:1048576
2022/02/14 16:52:20 [notice] 1#1: start worker processes
2022/02/14 16:52:20 [notice] 1#1: start worker process 30
2022/02/14 16:52:20 [notice] 1#1: start worker process 31
2022/02/14 16:52:20 [notice] 1#1: start worker process 32
2022/02/14 16:52:20 [notice] 1#1: start worker process 33
2022/02/14 16:52:20 [notice] 1#1: start worker process 34
2022/02/14 16:52:20 [notice] 1#1: start worker process 35
2022/02/14 16:53:22 [notice] 1#1: signal 3 (SIGQUIT) received, shutting down
2022/02/14 16:53:22 [notice] 30#30: gracefully shutting down
2022/02/14 16:53:22 [notice] 31#31: gracefully shutting down
2022/02/14 16:53:22 [notice] 32#32: gracefully shutting down
2022/02/14 16:53:22 [notice] 32#32: exiting
2022/02/14 16:53:22 [notice] 33#33: gracefully shutting down
2022/02/14 16:53:22 [notice] 34#34: gracefully shutting down
2022/02/14 16:53:22 [notice] 35#35: gracefully shutting down
2022/02/14 16:53:22 [notice] 30#30: exiting
2022/02/14 16:53:22 [notice] 31#31: exiting
2022/02/14 16:53:22 [notice] 32#32: exit
2022/02/14 16:53:22 [notice] 33#33: exiting
2022/02/14 16:53:22 [notice] 34#34: exiting
2022/02/14 16:53:22 [notice] 35#35: exiting
2022/02/14 16:53:22 [notice] 30#30: exit
2022/02/14 16:53:22 [notice] 31#31: exit
2022/02/14 16:53:22 [notice] 33#33: exit
2022/02/14 16:53:22 [notice] 34#34: exit
2022/02/14 16:53:22 [notice] 35#35: exit
2022/02/14 16:53:22 [notice] 1#1: signal 17 (SIGCHLD) received from 30
2022/02/14 16:53:22 [notice] 1#1: worker process 30 exited with code 0
2022/02/14 16:53:22 [notice] 1#1: worker process 32 exited with code 0
2022/02/14 16:53:22 [notice] 1#1: worker process 33 exited with code 0
2022/02/14 16:53:22 [notice] 1#1: worker process 35 exited with code 0
2022/02/14 16:53:22 [notice] 1#1: signal 29 (SIGIO) received
2022/02/14 16:53:22 [notice] 1#1: signal 17 (SIGCHLD) received from 32
2022/02/14 16:53:22 [notice] 1#1: signal 17 (SIGCHLD) received from 31
2022/02/14 16:53:22 [notice] 1#1: worker process 31 exited with code 0
2022/02/14 16:53:22 [notice] 1#1: signal 29 (SIGIO) received
2022/02/14 16:53:22 [notice] 1#1: signal 17 (SIGCHLD) received from 34
2022/02/14 16:53:22 [notice] 1#1: worker process 34 exited with code 0
2022/02/14 16:53:22 [notice] 1#1: exit
2022/02/15 12:43:02 [notice] 1#1: using the "epoll" event method
2022/02/15 12:43:02 [notice] 1#1: nginx/1.21.6
2022/02/15 12:43:02 [notice] 1#1: built by gcc 10.2.1 20210110 (Debian 10.2.1-6) 
2022/02/15 12:43:02 [notice] 1#1: OS: Linux 5.10.16.3-microsoft-standard-WSL2
2022/02/15 12:43:02 [notice] 1#1: getrlimit(RLIMIT_NOFILE): 1048576:1048576
2022/02/15 12:43:02 [notice] 1#1: start worker processes
2022/02/15 12:43:02 [notice] 1#1: start worker process 30
2022/02/15 12:43:02 [notice] 1#1: start worker process 31
2022/02/15 12:43:02 [notice] 1#1: start worker process 32
2022/02/15 12:43:02 [notice] 1#1: start worker process 33
2022/02/15 12:43:02 [notice] 1#1: start worker process 34
2022/02/15 12:43:02 [notice] 1#1: start worker process 35
2022/02/15 12:45:12 [notice] 1#1: signal 3 (SIGQUIT) received, shutting down
2022/02/15 12:45:12 [notice] 30#30: gracefully shutting down
2022/02/15 12:45:12 [notice] 32#32: gracefully shutting down
2022/02/15 12:45:12 [notice] 34#34: gracefully shutting down
2022/02/15 12:45:12 [notice] 35#35: gracefully shutting down
2022/02/15 12:45:12 [notice] 35#35: exiting
2022/02/15 12:45:12 [notice] 33#33: gracefully shutting down
2022/02/15 12:45:12 [notice] 31#31: gracefully shutting down
2022/02/15 12:45:12 [notice] 30#30: exiting
2022/02/15 12:45:12 [notice] 32#32: exiting
2022/02/15 12:45:12 [notice] 34#34: exiting
2022/02/15 12:45:12 [notice] 35#35: exit
2022/02/15 12:45:12 [notice] 33#33: exiting
2022/02/15 12:45:12 [notice] 31#31: exiting
2022/02/15 12:45:12 [notice] 30#30: exit
2022/02/15 12:45:12 [notice] 32#32: exit
2022/02/15 12:45:12 [notice] 34#34: exit
2022/02/15 12:45:12 [notice] 33#33: exit
2022/02/15 12:45:12 [notice] 31#31: exit
2022/02/15 12:45:12 [notice] 1#1: signal 17 (SIGCHLD) received from 34
2022/02/15 12:45:12 [notice] 1#1: worker process 30 exited with code 0
2022/02/15 12:45:12 [notice] 1#1: worker process 31 exited with code 0
2022/02/15 12:45:12 [notice] 1#1: worker process 32 exited with code 0
2022/02/15 12:45:12 [notice] 1#1: worker process 33 exited with code 0
2022/02/15 12:45:12 [notice] 1#1: worker process 34 exited with code 0
2022/02/15 12:45:12 [notice] 1#1: worker process 35 exited with code 0
2022/02/15 12:45:12 [notice] 1#1: exit
2022/02/15 13:19:15 [notice] 1#1: using the "epoll" event method
2022/02/15 13:19:15 [notice] 1#1: nginx/1.21.6
2022/02/15 13:19:15 [notice] 1#1: built by gcc 10.2.1 20210110 (Debian 10.2.1-6) 
2022/02/15 13:19:15 [notice] 1#1: OS: Linux 5.10.16.3-microsoft-standard-WSL2
2022/02/15 13:19:15 [notice] 1#1: getrlimit(RLIMIT_NOFILE): 1048576:1048576
2022/02/15 13:19:15 [notice] 1#1: start worker processes
2022/02/15 13:19:15 [notice] 1#1: start worker process 30
2022/02/15 13:19:15 [notice] 1#1: start worker process 31
2022/02/15 13:19:15 [notice] 1#1: start worker process 32
2022/02/15 13:19:15 [notice] 1#1: start worker process 33
2022/02/15 13:19:15 [notice] 1#1: start worker process 34
2022/02/15 13:19:15 [notice] 1#1: start worker process 35
2022/02/15 14:33:23 [notice] 1#1: signal 3 (SIGQUIT) received, shutting down
2022/02/15 14:33:23 [notice] 34#34: gracefully shutting down
2022/02/15 14:33:23 [notice] 35#35: gracefully shutting down
2022/02/15 14:33:23 [notice] 30#30: gracefully shutting down
2022/02/15 14:33:23 [notice] 32#32: gracefully shutting down
2022/02/15 14:33:23 [notice] 35#35: exiting
2022/02/15 14:33:23 [notice] 35#35: exit
2022/02/15 14:33:23 [notice] 31#31: gracefully shutting down
2022/02/15 14:33:23 [notice] 33#33: gracefully shutting down
2022/02/15 14:33:23 [notice] 30#30: exiting
2022/02/15 14:33:23 [notice] 32#32: exiting
2022/02/15 14:33:23 [notice] 33#33: exiting
2022/02/15 14:33:23 [notice] 31#31: exiting
2022/02/15 14:33:23 [notice] 32#32: exit
2022/02/15 14:33:23 [notice] 33#33: exit
2022/02/15 14:33:23 [notice] 30#30: exit
2022/02/15 14:33:23 [notice] 31#31: exit
2022/02/15 14:33:23 [notice] 1#1: signal 17 (SIGCHLD) received from 35
2022/02/15 14:33:23 [notice] 1#1: worker process 35 exited with code 0
2022/02/15 14:33:23 [notice] 1#1: signal 29 (SIGIO) received
2022/02/15 14:33:23 [notice] 1#1: signal 17 (SIGCHLD) received from 33
2022/02/15 14:33:23 [notice] 1#1: worker process 33 exited with code 0
2022/02/15 14:33:23 [notice] 1#1: signal 29 (SIGIO) received
2022/02/15 14:33:23 [notice] 1#1: signal 17 (SIGCHLD) received from 32
2022/02/15 14:33:23 [notice] 1#1: worker process 32 exited with code 0
2022/02/15 14:33:23 [notice] 1#1: signal 29 (SIGIO) received
2022/02/15 14:33:23 [notice] 1#1: signal 17 (SIGCHLD) received from 31
2022/02/15 14:33:23 [notice] 1#1: worker process 30 exited with code 0
2022/02/15 14:33:23 [notice] 1#1: worker process 31 exited with code 0
2022/02/15 14:33:23 [notice] 1#1: signal 29 (SIGIO) received
2022/02/15 14:33:44 [notice] 1#1: using the "epoll" event method
2022/02/15 14:33:44 [notice] 1#1: nginx/1.21.6
2022/02/15 14:33:44 [notice] 1#1: built by gcc 10.2.1 20210110 (Debian 10.2.1-6) 
2022/02/15 14:33:44 [notice] 1#1: OS: Linux 5.10.16.3-microsoft-standard-WSL2
2022/02/15 14:33:44 [notice] 1#1: getrlimit(RLIMIT_NOFILE): 1048576:1048576
2022/02/15 14:33:44 [notice] 1#1: start worker processes
2022/02/15 14:33:44 [notice] 1#1: start worker process 31
2022/02/15 14:33:44 [notice] 1#1: start worker process 32
2022/02/15 14:33:44 [notice] 1#1: start worker process 33
2022/02/15 14:33:44 [notice] 1#1: start worker process 34
2022/02/15 14:33:44 [notice] 1#1: start worker process 35
2022/02/15 14:33:44 [notice] 1#1: start worker process 36
2022/02/16 11:41:55 [notice] 1#1: using the "epoll" event method
2022/02/16 11:41:55 [notice] 1#1: nginx/1.21.6
2022/02/16 11:41:55 [notice] 1#1: built by gcc 10.2.1 20210110 (Debian 10.2.1-6) 
2022/02/16 11:41:55 [notice] 1#1: OS: Linux 5.10.16.3-microsoft-standard-WSL2
2022/02/16 11:41:55 [notice] 1#1: getrlimit(RLIMIT_NOFILE): 1048576:1048576
2022/02/16 11:41:55 [notice] 1#1: start worker processes
2022/02/16 11:41:55 [notice] 1#1: start worker process 31
2022/02/16 11:41:55 [notice] 1#1: start worker process 32
2022/02/16 11:41:55 [notice] 1#1: start worker process 33
2022/02/16 11:41:55 [notice] 1#1: start worker process 34
2022/02/16 11:41:55 [notice] 1#1: start worker process 35
2022/02/16 11:41:55 [notice] 1#1: start worker process 36
2022/02/16 15:55:06 [notice] 1#1: signal 3 (SIGQUIT) received, shutting down
2022/02/16 15:55:06 [notice] 31#31: gracefully shutting down
2022/02/16 15:55:06 [notice] 32#32: gracefully shutting down
2022/02/16 15:55:06 [notice] 33#33: gracefully shutting down
2022/02/16 15:55:06 [notice] 33#33: exiting
2022/02/16 15:55:06 [notice] 34#34: gracefully shutting down
2022/02/16 15:55:06 [notice] 35#35: gracefully shutting down
2022/02/16 15:55:06 [notice] 36#36: gracefully shutting down
2022/02/16 15:55:06 [notice] 31#31: exiting
2022/02/16 15:55:06 [notice] 32#32: exiting
2022/02/16 15:55:06 [notice] 33#33: exit
2022/02/16 15:55:06 [notice] 34#34: exiting
2022/02/16 15:55:06 [notice] 34#34: exit
2022/02/16 15:55:06 [notice] 35#35: exiting
2022/02/16 15:55:06 [notice] 36#36: exiting
2022/02/16 15:55:06 [notice] 31#31: exit
2022/02/16 15:55:06 [notice] 32#32: exit
2022/02/16 15:55:06 [notice] 35#35: exit
2022/02/16 15:55:06 [notice] 36#36: exit
2022/02/16 15:55:07 [notice] 1#1: signal 17 (SIGCHLD) received from 31
2022/02/16 15:55:07 [notice] 1#1: worker process 31 exited with code 0
2022/02/16 15:55:07 [notice] 1#1: signal 29 (SIGIO) received
2022/02/16 15:55:07 [notice] 1#1: signal 17 (SIGCHLD) received from 33
2022/02/16 15:55:07 [notice] 1#1: worker process 33 exited with code 0
2022/02/16 15:55:07 [notice] 1#1: signal 29 (SIGIO) received
2022/02/16 15:55:07 [notice] 1#1: signal 17 (SIGCHLD) received from 35
2022/02/16 15:55:07 [notice] 1#1: worker process 35 exited with code 0
2022/02/16 15:55:07 [notice] 1#1: worker process 36 exited with code 0
2022/02/16 15:55:07 [notice] 1#1: signal 29 (SIGIO) received
2022/02/16 15:55:07 [notice] 1#1: signal 17 (SIGCHLD) received from 36
2022/02/16 15:55:07 [notice] 1#1: worker process 34 exited with code 0
2022/02/16 15:55:07 [notice] 1#1: signal 29 (SIGIO) received
2022/02/16 15:55:07 [notice] 1#1: signal 17 (SIGCHLD) received from 34
2022/02/16 15:55:07 [notice] 1#1: signal 17 (SIGCHLD) received from 32
2022/02/16 15:55:07 [notice] 1#1: worker process 32 exited with code 0
2022/02/16 15:55:07 [notice] 1#1: exit
2022/02/16 15:55:10 [notice] 1#1: using the "epoll" event method
2022/02/16 15:55:10 [notice] 1#1: nginx/1.21.6
2022/02/16 15:55:10 [notice] 1#1: built by gcc 10.2.1 20210110 (Debian 10.2.1-6) 
2022/02/16 15:55:10 [notice] 1#1: OS: Linux 5.10.16.3-microsoft-standard-WSL2
2022/02/16 15:55:10 [notice] 1#1: getrlimit(RLIMIT_NOFILE): 1048576:1048576
2022/02/16 15:55:10 [notice] 1#1: start worker processes
2022/02/16 15:55:10 [notice] 1#1: start worker process 32
2022/02/16 15:55:10 [notice] 1#1: start worker process 33
2022/02/16 15:55:10 [notice] 1#1: start worker process 34
2022/02/16 15:55:10 [notice] 1#1: start worker process 35
2022/02/16 15:55:10 [notice] 1#1: start worker process 36
2022/02/16 15:55:10 [notice] 1#1: start worker process 37
2022/02/16 15:57:09 [notice] 1#1: signal 3 (SIGQUIT) received, shutting down
2022/02/16 15:57:09 [notice] 33#33: gracefully shutting down
2022/02/16 15:57:09 [notice] 33#33: exiting
2022/02/16 15:57:09 [notice] 32#32: gracefully shutting down
2022/02/16 15:57:09 [notice] 35#35: gracefully shutting down
2022/02/16 15:57:09 [notice] 34#34: gracefully shutting down
2022/02/16 15:57:09 [notice] 37#37: gracefully shutting down
2022/02/16 15:57:09 [notice] 36#36: gracefully shutting down
2022/02/16 15:57:09 [notice] 33#33: exit
2022/02/16 15:57:09 [notice] 32#32: exiting
2022/02/16 15:57:09 [notice] 35#35: exiting
2022/02/16 15:57:09 [notice] 37#37: exiting
2022/02/16 15:57:09 [notice] 36#36: exiting
2022/02/16 15:57:09 [notice] 32#32: exit
2022/02/16 15:57:09 [notice] 35#35: exit
2022/02/16 15:57:09 [notice] 37#37: exit
2022/02/16 15:57:09 [notice] 36#36: exit
2022/02/16 15:57:09 [notice] 1#1: signal 17 (SIGCHLD) received from 35
2022/02/16 15:57:09 [notice] 1#1: worker process 32 exited with code 0
2022/02/16 15:57:09 [notice] 1#1: worker process 33 exited with code 0
2022/02/16 15:57:09 [notice] 1#1: worker process 35 exited with code 0
2022/02/16 15:57:09 [notice] 1#1: worker process 36 exited with code 0
2022/02/16 15:57:09 [notice] 1#1: worker process 37 exited with code 0
2022/02/16 15:57:09 [notice] 1#1: signal 29 (SIGIO) received
2022/02/16 15:57:09 [notice] 1#1: signal 17 (SIGCHLD) received from 36
2022/02/16 15:57:22 [notice] 1#1: using the "epoll" event method
2022/02/16 15:57:22 [notice] 1#1: nginx/1.21.6
2022/02/16 15:57:22 [notice] 1#1: built by gcc 10.2.1 20210110 (Debian 10.2.1-6) 
2022/02/16 15:57:22 [notice] 1#1: OS: Linux 5.10.16.3-microsoft-standard-WSL2
2022/02/16 15:57:22 [notice] 1#1: getrlimit(RLIMIT_NOFILE): 1048576:1048576
2022/02/16 15:57:22 [notice] 1#1: start worker processes
2022/02/16 15:57:22 [notice] 1#1: start worker process 30
2022/02/16 15:57:22 [notice] 1#1: start worker process 31
2022/02/16 15:57:22 [notice] 1#1: start worker process 32
2022/02/16 15:57:22 [notice] 1#1: start worker process 33
2022/02/16 15:57:22 [notice] 1#1: start worker process 34
2022/02/16 15:57:22 [notice] 1#1: start worker process 35
